2019-10-276 10:16:50 [INFO] [main] MyLogger : selenium.reporting.MyLogger.info.17 - WebDriver get the instance of local webDriver - firefoxWin
2019-10-276 10:16:54 [INFO] [main] MyLogger : selenium.reporting.MyLogger.info.17 - Homepage https://flip.kz opened
2019-10-276 10:16:54 [INFO] [main] MyLogger : selenium.reporting.MyLogger.info.17 - WebElement [[FirefoxDriver: firefox on XP (6c9eb722-db8a-4f22-9db8-15db9cc0044c)] -> xpath: //*[contains(@class,'ath')]/*/a[contains(@href,'enter')]] clicked
2019-10-276 10:16:56 [INFO] [main] MyLogger : selenium.reporting.MyLogger.info.17 - WebElement [[FirefoxDriver: firefox on XP (6c9eb722-db8a-4f22-9db8-15db9cc0044c)] -> xpath: //input[@id='is_reg']] clicked
2019-10-276 10:16:56 [INFO] [main] MyLogger : selenium.reporting.MyLogger.info.17 - WebElement [[FirefoxDriver: firefox on XP (6c9eb722-db8a-4f22-9db8-15db9cc0044c)] -> xpath: //input[@id='enter_button']] clicked
2019-10-276 10:16:56 [INFO] [main] MyLogger : selenium.reporting.MyLogger.info.17 - User login. Username - resu, user email - lastNameName00@mail.ru, user password - l0L0last
2019-10-276 10:16:58 [INFO] [main] MyLogger : selenium.reporting.MyLogger.info.17 - WebElement [[FirefoxDriver: firefox on XP (6c9eb722-db8a-4f22-9db8-15db9cc0044c)] -> xpath: //ul[contains(@class,'sub-1')]/li/a[contains(text(), 'Книги')]] clicked
2019-10-276 10:16:59 [INFO] [main] MyLogger : selenium.reporting.MyLogger.info.17 - WebElement [[FirefoxDriver: firefox on XP (6c9eb722-db8a-4f22-9db8-15db9cc0044c)] -> xpath: //a[@data-filter-field-sections-id='44']] clicked
2019-10-276 10:17:03 [INFO] [main] MyLogger : selenium.reporting.MyLogger.info.17 - WebElement [[FirefoxDriver: firefox on XP (6c9eb722-db8a-4f22-9db8-15db9cc0044c)] -> xpath: //table[@class='pages']//td/*[text()>0]] clicked
2019-10-276 10:17:03 [INFO] [main] MyLogger : selenium.reporting.MyLogger.info.17 - WebElement [[FirefoxDriver: firefox on XP (6c9eb722-db8a-4f22-9db8-15db9cc0044c)] -> xpath: //div[@class='placeholder']//a[@class='title']] clicked
2019-10-276 10:17:05 [INFO] [main] MyLogger : selenium.reporting.MyLogger.info.17 - WebElement [[FirefoxDriver: firefox on XP (6c9eb722-db8a-4f22-9db8-15db9cc0044c)] -> xpath: //ul[contains(@class,'sub-1')]/li/a[contains(text(), 'Книги')]] clicked
2019-10-276 10:17:05 [INFO] [main] MyLogger : selenium.reporting.MyLogger.info.17 - WebElement [[FirefoxDriver: firefox on XP (6c9eb722-db8a-4f22-9db8-15db9cc0044c)] -> xpath: //a[@data-filter-field-sections-id='44']] clicked
2019-10-276 10:17:07 [INFO] [main] MyLogger : selenium.reporting.MyLogger.info.17 - WebElement [[FirefoxDriver: firefox on XP (6c9eb722-db8a-4f22-9db8-15db9cc0044c)] -> xpath: //table[@class='pages']//td/*[text()>0]] clicked
2019-10-276 10:17:07 [INFO] [main] MyLogger : selenium.reporting.MyLogger.info.17 - WebElement [[FirefoxDriver: firefox on XP (6c9eb722-db8a-4f22-9db8-15db9cc0044c)] -> xpath: //div[@class='placeholder']//a[@class='title']] clicked
2019-10-276 10:17:09 [INFO] [main] MyLogger : selenium.reporting.MyLogger.info.17 - WebElement [[FirefoxDriver: firefox on XP (6c9eb722-db8a-4f22-9db8-15db9cc0044c)] -> xpath: //ul[contains(@class,'sub-1')]/li/a[contains(text(), 'Книги')]] clicked
2019-10-276 10:17:10 [INFO] [main] MyLogger : selenium.reporting.MyLogger.info.17 - WebElement [[FirefoxDriver: firefox on XP (6c9eb722-db8a-4f22-9db8-15db9cc0044c)] -> xpath: //a[@data-filter-field-sections-id='44']] clicked
2019-10-276 10:17:13 [INFO] [main] MyLogger : selenium.reporting.MyLogger.info.17 - WebElement [[FirefoxDriver: firefox on XP (6c9eb722-db8a-4f22-9db8-15db9cc0044c)] -> xpath: //table[@class='pages']//td/*[text()>0]] clicked
2019-10-276 10:17:13 [INFO] [main] MyLogger : selenium.reporting.MyLogger.info.17 - WebElement [[FirefoxDriver: firefox on XP (6c9eb722-db8a-4f22-9db8-15db9cc0044c)] -> xpath: //div[@class='placeholder']//a[@class='title']] clicked
2019-10-276 10:17:14 [INFO] [main] MyLogger : selenium.reporting.MyLogger.info.17 - WebElement [[FirefoxDriver: firefox on XP (6c9eb722-db8a-4f22-9db8-15db9cc0044c)] -> xpath: //ul[contains(@class,'sub-1')]/li/a[contains(text(), 'Книги')]] clicked
2019-10-276 10:17:15 [INFO] [main] MyLogger : selenium.reporting.MyLogger.info.17 - WebElement [[FirefoxDriver: firefox on XP (6c9eb722-db8a-4f22-9db8-15db9cc0044c)] -> xpath: //a[@data-filter-field-sections-id='44']] clicked
2019-10-276 10:17:16 [INFO] [main] MyLogger : selenium.reporting.MyLogger.info.17 - WebElement [[FirefoxDriver: firefox on XP (6c9eb722-db8a-4f22-9db8-15db9cc0044c)] -> xpath: //p[contains(text(),'Год издания')]/following::*[contains(text(), 'Применить')]] clicked
2019-10-276 10:17:18 [INFO] [main] MyLogger : selenium.reporting.MyLogger.info.17 - WebElement [[FirefoxDriver: firefox on XP (6c9eb722-db8a-4f22-9db8-15db9cc0044c)] -> xpath: //table[@class='pages']//td/*[text()>0]] clicked
2019-10-276 10:17:19 [INFO] [main] MyLogger : selenium.reporting.MyLogger.info.17 - WebElement [[FirefoxDriver: firefox on XP (6c9eb722-db8a-4f22-9db8-15db9cc0044c)] -> xpath: //div[@class='placeholder']//a[@class='title']] clicked
2019-10-276 10:17:20 [INFO] [main] MyLogger : selenium.reporting.MyLogger.info.17 - WebElement [[FirefoxDriver: firefox on XP (6c9eb722-db8a-4f22-9db8-15db9cc0044c)] -> xpath: //ul[contains(@class,'sub-1')]/li/a[contains(text(), 'Книги')]] clicked
2019-10-276 10:17:21 [INFO] [main] MyLogger : selenium.reporting.MyLogger.info.17 - WebElement [[FirefoxDriver: firefox on XP (6c9eb722-db8a-4f22-9db8-15db9cc0044c)] -> xpath: //a[@data-filter-field-sections-id='44']] clicked
2019-10-276 10:17:23 [INFO] [main] MyLogger : selenium.reporting.MyLogger.info.17 - WebElement [[FirefoxDriver: firefox on XP (6c9eb722-db8a-4f22-9db8-15db9cc0044c)] -> xpath: //p[contains(text(),'Год издания')]/following::*[contains(text(), 'Применить')]] clicked
2019-10-276 10:17:24 [INFO] [main] MyLogger : selenium.reporting.MyLogger.info.17 - WebElement [[FirefoxDriver: firefox on XP (6c9eb722-db8a-4f22-9db8-15db9cc0044c)] -> xpath: //table[@class='pages']//td/*[text()>0]] clicked
2019-10-276 10:17:25 [INFO] [main] MyLogger : selenium.reporting.MyLogger.info.17 - WebElement [[FirefoxDriver: firefox on XP (6c9eb722-db8a-4f22-9db8-15db9cc0044c)] -> xpath: //div[@class='placeholder']//a[@class='title']] clicked
2019-10-276 10:17:27 [INFO] [main] MyLogger : selenium.reporting.MyLogger.info.17 - WebElement [[FirefoxDriver: firefox on XP (6c9eb722-db8a-4f22-9db8-15db9cc0044c)] -> xpath: //ul[contains(@class,'sub-1')]/li/a[contains(text(), 'Книги')]] clicked
2019-10-276 10:17:27 [INFO] [main] MyLogger : selenium.reporting.MyLogger.info.17 - WebElement [[FirefoxDriver: firefox on XP (6c9eb722-db8a-4f22-9db8-15db9cc0044c)] -> xpath: //a[@data-filter-field-sections-id='44']] clicked
2019-10-276 10:17:32 [INFO] [main] MyLogger : selenium.reporting.MyLogger.info.17 - WebElement [[FirefoxDriver: firefox on XP (6c9eb722-db8a-4f22-9db8-15db9cc0044c)] -> xpath: //table[@class='pages']//td/*[text()>0]] clicked
2019-10-276 10:17:33 [INFO] [main] MyLogger : selenium.reporting.MyLogger.info.17 - WebElement [[FirefoxDriver: firefox on XP (6c9eb722-db8a-4f22-9db8-15db9cc0044c)] -> xpath: //div[@class='placeholder']//a[@class='title']] clicked
